E:\BOX2D\OPENGL\PROJECT2_OPENGL_CYLINDER\PROJECT2_OPENGL_CYLINDER\DEBUG\SOURCE.OBJ
E:\BOX2D\OPENGL\PROJECT2_OPENGL_CYLINDER\PROJECT2_OPENGL_CYLINDER\DEBUG\VC110.PDB
E:\BOX2D\OPENGL\PROJECT2_OPENGL_CYLINDER\DEBUG\PROJECT2_OPENGL_CYLINDER.ILK
E:\BOX2D\OPENGL\PROJECT2_OPENGL_CYLINDER\DEBUG\PROJECT2_OPENGL_CYLINDER.EXE
E:\BOX2D\OPENGL\PROJECT2_OPENGL_CYLINDER\DEBUG\PROJECT2_OPENGL_CYLINDER.PDB
E:\Box2d\OpenGL\Project2_opengl_cylinder\Project2_opengl_cylinder\Debug\Source.obj
E:\Box2d\OpenGL\Project2_opengl_cylinder\Project2_opengl_cylinder\Debug\cl.command.1.tlog
E:\Box2d\OpenGL\Project2_opengl_cylinder\Project2_opengl_cylinder\Debug\CL.read.1.tlog
E:\Box2d\OpenGL\Project2_opengl_cylinder\Project2_opengl_cylinder\Debug\CL.write.1.tlog
E:\Box2d\OpenGL\Project2_opengl_cylinder\Project2_opengl_cylinder\Debug\link-cvtres.read.1.tlog
E:\Box2d\OpenGL\Project2_opengl_cylinder\Project2_opengl_cylinder\Debug\link-cvtres.write.1.tlog
E:\Box2d\OpenGL\Project2_opengl_cylinder\Project2_opengl_cylinder\Debug\link-rc.read.1.tlog
E:\Box2d\OpenGL\Project2_opengl_cylinder\Project2_opengl_cylinder\Debug\link-rc.write.1.tlog
E:\Box2d\OpenGL\Project2_opengl_cylinder\Project2_opengl_cylinder\Debug\link.1048-cvtres.read.1.tlog
E:\Box2d\OpenGL\Project2_opengl_cylinder\Project2_opengl_cylinder\Debug\link.1048-cvtres.write.1.tlog
E:\Box2d\OpenGL\Project2_opengl_cylinder\Project2_opengl_cylinder\Debug\link.1048-rc.read.1.tlog
E:\Box2d\OpenGL\Project2_opengl_cylinder\Project2_opengl_cylinder\Debug\link.1048-rc.write.1.tlog
E:\Box2d\OpenGL\Project2_opengl_cylinder\Project2_opengl_cylinder\Debug\link.1048.read.1.tlog
E:\Box2d\OpenGL\Project2_opengl_cylinder\Project2_opengl_cylinder\Debug\link.1048.write.1.tlog
E:\Box2d\OpenGL\Project2_opengl_cylinder\Project2_opengl_cylinder\Debug\link.1568-cvtres.read.1.tlog
E:\Box2d\OpenGL\Project2_opengl_cylinder\Project2_opengl_cylinder\Debug\link.1568-cvtres.write.1.tlog
E:\Box2d\OpenGL\Project2_opengl_cylinder\Project2_opengl_cylinder\Debug\link.1568-rc.read.1.tlog
E:\Box2d\OpenGL\Project2_opengl_cylinder\Project2_opengl_cylinder\Debug\link.1568-rc.write.1.tlog
E:\Box2d\OpenGL\Project2_opengl_cylinder\Project2_opengl_cylinder\Debug\link.1568.read.1.tlog
E:\Box2d\OpenGL\Project2_opengl_cylinder\Project2_opengl_cylinder\Debug\link.1568.write.1.tlog
E:\Box2d\OpenGL\Project2_opengl_cylinder\Project2_opengl_cylinder\Debug\link.2264-cvtres.read.1.tlog
E:\Box2d\OpenGL\Project2_opengl_cylinder\Project2_opengl_cylinder\Debug\link.2264-cvtres.write.1.tlog
E:\Box2d\OpenGL\Project2_opengl_cylinder\Project2_opengl_cylinder\Debug\link.2264-rc.read.1.tlog
E:\Box2d\OpenGL\Project2_opengl_cylinder\Project2_opengl_cylinder\Debug\link.2264-rc.write.1.tlog
E:\Box2d\OpenGL\Project2_opengl_cylinder\Project2_opengl_cylinder\Debug\link.2264.read.1.tlog
E:\Box2d\OpenGL\Project2_opengl_cylinder\Project2_opengl_cylinder\Debug\link.2264.write.1.tlog
E:\Box2d\OpenGL\Project2_opengl_cylinder\Project2_opengl_cylinder\Debug\link.2304-cvtres.read.1.tlog
E:\Box2d\OpenGL\Project2_opengl_cylinder\Project2_opengl_cylinder\Debug\link.2304-cvtres.write.1.tlog
E:\Box2d\OpenGL\Project2_opengl_cylinder\Project2_opengl_cylinder\Debug\link.2304-rc.read.1.tlog
E:\Box2d\OpenGL\Project2_opengl_cylinder\Project2_opengl_cylinder\Debug\link.2304-rc.write.1.tlog
E:\Box2d\OpenGL\Project2_opengl_cylinder\Project2_opengl_cylinder\Debug\link.2304.read.1.tlog
E:\Box2d\OpenGL\Project2_opengl_cylinder\Project2_opengl_cylinder\Debug\link.2304.write.1.tlog
E:\Box2d\OpenGL\Project2_opengl_cylinder\Project2_opengl_cylinder\Debug\link.3004-cvtres.read.1.tlog
E:\Box2d\OpenGL\Project2_opengl_cylinder\Project2_opengl_cylinder\Debug\link.3004-cvtres.write.1.tlog
E:\Box2d\OpenGL\Project2_opengl_cylinder\Project2_opengl_cylinder\Debug\link.3004-rc.read.1.tlog
E:\Box2d\OpenGL\Project2_opengl_cylinder\Project2_opengl_cylinder\Debug\link.3004-rc.write.1.tlog
E:\Box2d\OpenGL\Project2_opengl_cylinder\Project2_opengl_cylinder\Debug\link.3004.read.1.tlog
E:\Box2d\OpenGL\Project2_opengl_cylinder\Project2_opengl_cylinder\Debug\link.3004.write.1.tlog
E:\Box2d\OpenGL\Project2_opengl_cylinder\Project2_opengl_cylinder\Debug\link.3068-cvtres.read.1.tlog
E:\Box2d\OpenGL\Project2_opengl_cylinder\Project2_opengl_cylinder\Debug\link.3068-cvtres.write.1.tlog
E:\Box2d\OpenGL\Project2_opengl_cylinder\Project2_opengl_cylinder\Debug\link.3068-rc.read.1.tlog
E:\Box2d\OpenGL\Project2_opengl_cylinder\Project2_opengl_cylinder\Debug\link.3068-rc.write.1.tlog
E:\Box2d\OpenGL\Project2_opengl_cylinder\Project2_opengl_cylinder\Debug\link.3068.read.1.tlog
E:\Box2d\OpenGL\Project2_opengl_cylinder\Project2_opengl_cylinder\Debug\link.3068.write.1.tlog
E:\Box2d\OpenGL\Project2_opengl_cylinder\Project2_opengl_cylinder\Debug\link.3128-cvtres.read.1.tlog
E:\Box2d\OpenGL\Project2_opengl_cylinder\Project2_opengl_cylinder\Debug\link.3128-cvtres.write.1.tlog
E:\Box2d\OpenGL\Project2_opengl_cylinder\Project2_opengl_cylinder\Debug\link.3128-rc.read.1.tlog
E:\Box2d\OpenGL\Project2_opengl_cylinder\Project2_opengl_cylinder\Debug\link.3128-rc.write.1.tlog
E:\Box2d\OpenGL\Project2_opengl_cylinder\Project2_opengl_cylinder\Debug\link.3128.read.1.tlog
E:\Box2d\OpenGL\Project2_opengl_cylinder\Project2_opengl_cylinder\Debug\link.3128.write.1.tlog
E:\Box2d\OpenGL\Project2_opengl_cylinder\Project2_opengl_cylinder\Debug\link.3216-cvtres.read.1.tlog
E:\Box2d\OpenGL\Project2_opengl_cylinder\Project2_opengl_cylinder\Debug\link.3216-cvtres.write.1.tlog
E:\Box2d\OpenGL\Project2_opengl_cylinder\Project2_opengl_cylinder\Debug\link.3216-rc.read.1.tlog
E:\Box2d\OpenGL\Project2_opengl_cylinder\Project2_opengl_cylinder\Debug\link.3216-rc.write.1.tlog
E:\Box2d\OpenGL\Project2_opengl_cylinder\Project2_opengl_cylinder\Debug\link.3216.read.1.tlog
E:\Box2d\OpenGL\Project2_opengl_cylinder\Project2_opengl_cylinder\Debug\link.3216.write.1.tlog
E:\Box2d\OpenGL\Project2_opengl_cylinder\Project2_opengl_cylinder\Debug\link.3480-cvtres.read.1.tlog
E:\Box2d\OpenGL\Project2_opengl_cylinder\Project2_opengl_cylinder\Debug\link.3480-cvtres.write.1.tlog
E:\Box2d\OpenGL\Project2_opengl_cylinder\Project2_opengl_cylinder\Debug\link.3480-rc.read.1.tlog
E:\Box2d\OpenGL\Project2_opengl_cylinder\Project2_opengl_cylinder\Debug\link.3480-rc.write.1.tlog
E:\Box2d\OpenGL\Project2_opengl_cylinder\Project2_opengl_cylinder\Debug\link.3480.read.1.tlog
E:\Box2d\OpenGL\Project2_opengl_cylinder\Project2_opengl_cylinder\Debug\link.3480.write.1.tlog
E:\Box2d\OpenGL\Project2_opengl_cylinder\Project2_opengl_cylinder\Debug\link.3680-cvtres.read.1.tlog
E:\Box2d\OpenGL\Project2_opengl_cylinder\Project2_opengl_cylinder\Debug\link.3680-cvtres.write.1.tlog
E:\Box2d\OpenGL\Project2_opengl_cylinder\Project2_opengl_cylinder\Debug\link.3680-rc.read.1.tlog
E:\Box2d\OpenGL\Project2_opengl_cylinder\Project2_opengl_cylinder\Debug\link.3680-rc.write.1.tlog
E:\Box2d\OpenGL\Project2_opengl_cylinder\Project2_opengl_cylinder\Debug\link.3680.read.1.tlog
E:\Box2d\OpenGL\Project2_opengl_cylinder\Project2_opengl_cylinder\Debug\link.3680.write.1.tlog
E:\Box2d\OpenGL\Project2_opengl_cylinder\Project2_opengl_cylinder\Debug\link.3952-cvtres.read.1.tlog
E:\Box2d\OpenGL\Project2_opengl_cylinder\Project2_opengl_cylinder\Debug\link.3952-cvtres.write.1.tlog
E:\Box2d\OpenGL\Project2_opengl_cylinder\Project2_opengl_cylinder\Debug\link.3952-rc.read.1.tlog
E:\Box2d\OpenGL\Project2_opengl_cylinder\Project2_opengl_cylinder\Debug\link.3952-rc.write.1.tlog
E:\Box2d\OpenGL\Project2_opengl_cylinder\Project2_opengl_cylinder\Debug\link.3952.read.1.tlog
E:\Box2d\OpenGL\Project2_opengl_cylinder\Project2_opengl_cylinder\Debug\link.3952.write.1.tlog
E:\Box2d\OpenGL\Project2_opengl_cylinder\Project2_opengl_cylinder\Debug\link.4320-cvtres.read.1.tlog
E:\Box2d\OpenGL\Project2_opengl_cylinder\Project2_opengl_cylinder\Debug\link.4320-cvtres.write.1.tlog
E:\Box2d\OpenGL\Project2_opengl_cylinder\Project2_opengl_cylinder\Debug\link.4320-rc.read.1.tlog
E:\Box2d\OpenGL\Project2_opengl_cylinder\Project2_opengl_cylinder\Debug\link.4320-rc.write.1.tlog
E:\Box2d\OpenGL\Project2_opengl_cylinder\Project2_opengl_cylinder\Debug\link.4320.read.1.tlog
E:\Box2d\OpenGL\Project2_opengl_cylinder\Project2_opengl_cylinder\Debug\link.4320.write.1.tlog
E:\Box2d\OpenGL\Project2_opengl_cylinder\Project2_opengl_cylinder\Debug\link.5076-cvtres.read.1.tlog
E:\Box2d\OpenGL\Project2_opengl_cylinder\Project2_opengl_cylinder\Debug\link.5076-cvtres.write.1.tlog
E:\Box2d\OpenGL\Project2_opengl_cylinder\Project2_opengl_cylinder\Debug\link.5076-rc.read.1.tlog
E:\Box2d\OpenGL\Project2_opengl_cylinder\Project2_opengl_cylinder\Debug\link.5076-rc.write.1.tlog
E:\Box2d\OpenGL\Project2_opengl_cylinder\Project2_opengl_cylinder\Debug\link.5076.read.1.tlog
E:\Box2d\OpenGL\Project2_opengl_cylinder\Project2_opengl_cylinder\Debug\link.5076.write.1.tlog
E:\Box2d\OpenGL\Project2_opengl_cylinder\Project2_opengl_cylinder\Debug\link.5084-cvtres.read.1.tlog
E:\Box2d\OpenGL\Project2_opengl_cylinder\Project2_opengl_cylinder\Debug\link.5084-cvtres.write.1.tlog
E:\Box2d\OpenGL\Project2_opengl_cylinder\Project2_opengl_cylinder\Debug\link.5084-rc.read.1.tlog
E:\Box2d\OpenGL\Project2_opengl_cylinder\Project2_opengl_cylinder\Debug\link.5084-rc.write.1.tlog
E:\Box2d\OpenGL\Project2_opengl_cylinder\Project2_opengl_cylinder\Debug\link.5084.read.1.tlog
E:\Box2d\OpenGL\Project2_opengl_cylinder\Project2_opengl_cylinder\Debug\link.5084.write.1.tlog
E:\Box2d\OpenGL\Project2_opengl_cylinder\Project2_opengl_cylinder\Debug\link.5092-cvtres.read.1.tlog
E:\Box2d\OpenGL\Project2_opengl_cylinder\Project2_opengl_cylinder\Debug\link.5092-cvtres.write.1.tlog
E:\Box2d\OpenGL\Project2_opengl_cylinder\Project2_opengl_cylinder\Debug\link.5092-rc.read.1.tlog
E:\Box2d\OpenGL\Project2_opengl_cylinder\Project2_opengl_cylinder\Debug\link.5092-rc.write.1.tlog
E:\Box2d\OpenGL\Project2_opengl_cylinder\Project2_opengl_cylinder\Debug\link.5092.read.1.tlog
E:\Box2d\OpenGL\Project2_opengl_cylinder\Project2_opengl_cylinder\Debug\link.5092.write.1.tlog
E:\Box2d\OpenGL\Project2_opengl_cylinder\Project2_opengl_cylinder\Debug\link.5196-cvtres.read.1.tlog
E:\Box2d\OpenGL\Project2_opengl_cylinder\Project2_opengl_cylinder\Debug\link.5196-cvtres.write.1.tlog
E:\Box2d\OpenGL\Project2_opengl_cylinder\Project2_opengl_cylinder\Debug\link.5196-rc.read.1.tlog
E:\Box2d\OpenGL\Project2_opengl_cylinder\Project2_opengl_cylinder\Debug\link.5196-rc.write.1.tlog
E:\Box2d\OpenGL\Project2_opengl_cylinder\Project2_opengl_cylinder\Debug\link.5196.read.1.tlog
E:\Box2d\OpenGL\Project2_opengl_cylinder\Project2_opengl_cylinder\Debug\link.5196.write.1.tlog
E:\Box2d\OpenGL\Project2_opengl_cylinder\Project2_opengl_cylinder\Debug\link.5324-cvtres.read.1.tlog
E:\Box2d\OpenGL\Project2_opengl_cylinder\Project2_opengl_cylinder\Debug\link.5324-cvtres.write.1.tlog
E:\Box2d\OpenGL\Project2_opengl_cylinder\Project2_opengl_cylinder\Debug\link.5324-rc.read.1.tlog
E:\Box2d\OpenGL\Project2_opengl_cylinder\Project2_opengl_cylinder\Debug\link.5324-rc.write.1.tlog
E:\Box2d\OpenGL\Project2_opengl_cylinder\Project2_opengl_cylinder\Debug\link.5324.read.1.tlog
E:\Box2d\OpenGL\Project2_opengl_cylinder\Project2_opengl_cylinder\Debug\link.5324.write.1.tlog
E:\Box2d\OpenGL\Project2_opengl_cylinder\Project2_opengl_cylinder\Debug\link.5672-cvtres.read.1.tlog
E:\Box2d\OpenGL\Project2_opengl_cylinder\Project2_opengl_cylinder\Debug\link.5672-cvtres.write.1.tlog
E:\Box2d\OpenGL\Project2_opengl_cylinder\Project2_opengl_cylinder\Debug\link.5672-rc.read.1.tlog
E:\Box2d\OpenGL\Project2_opengl_cylinder\Project2_opengl_cylinder\Debug\link.5672-rc.write.1.tlog
E:\Box2d\OpenGL\Project2_opengl_cylinder\Project2_opengl_cylinder\Debug\link.5672.read.1.tlog
E:\Box2d\OpenGL\Project2_opengl_cylinder\Project2_opengl_cylinder\Debug\link.5672.write.1.tlog
E:\Box2d\OpenGL\Project2_opengl_cylinder\Project2_opengl_cylinder\Debug\link.5732-cvtres.read.1.tlog
E:\Box2d\OpenGL\Project2_opengl_cylinder\Project2_opengl_cylinder\Debug\link.5732-cvtres.write.1.tlog
E:\Box2d\OpenGL\Project2_opengl_cylinder\Project2_opengl_cylinder\Debug\link.5732-rc.read.1.tlog
E:\Box2d\OpenGL\Project2_opengl_cylinder\Project2_opengl_cylinder\Debug\link.5732-rc.write.1.tlog
E:\Box2d\OpenGL\Project2_opengl_cylinder\Project2_opengl_cylinder\Debug\link.5732.read.1.tlog
E:\Box2d\OpenGL\Project2_opengl_cylinder\Project2_opengl_cylinder\Debug\link.5732.write.1.tlog
E:\Box2d\OpenGL\Project2_opengl_cylinder\Project2_opengl_cylinder\Debug\link.5872-cvtres.read.1.tlog
E:\Box2d\OpenGL\Project2_opengl_cylinder\Project2_opengl_cylinder\Debug\link.5872-cvtres.write.1.tlog
E:\Box2d\OpenGL\Project2_opengl_cylinder\Project2_opengl_cylinder\Debug\link.5872-rc.read.1.tlog
E:\Box2d\OpenGL\Project2_opengl_cylinder\Project2_opengl_cylinder\Debug\link.5872-rc.write.1.tlog
E:\Box2d\OpenGL\Project2_opengl_cylinder\Project2_opengl_cylinder\Debug\link.5872.read.1.tlog
E:\Box2d\OpenGL\Project2_opengl_cylinder\Project2_opengl_cylinder\Debug\link.5872.write.1.tlog
E:\Box2d\OpenGL\Project2_opengl_cylinder\Project2_opengl_cylinder\Debug\link.5928-cvtres.read.1.tlog
E:\Box2d\OpenGL\Project2_opengl_cylinder\Project2_opengl_cylinder\Debug\link.5928-cvtres.write.1.tlog
E:\Box2d\OpenGL\Project2_opengl_cylinder\Project2_opengl_cylinder\Debug\link.5928-rc.read.1.tlog
E:\Box2d\OpenGL\Project2_opengl_cylinder\Project2_opengl_cylinder\Debug\link.5928-rc.write.1.tlog
E:\Box2d\OpenGL\Project2_opengl_cylinder\Project2_opengl_cylinder\Debug\link.5928.read.1.tlog
E:\Box2d\OpenGL\Project2_opengl_cylinder\Project2_opengl_cylinder\Debug\link.5928.write.1.tlog
E:\Box2d\OpenGL\Project2_opengl_cylinder\Project2_opengl_cylinder\Debug\link.6136-cvtres.read.1.tlog
E:\Box2d\OpenGL\Project2_opengl_cylinder\Project2_opengl_cylinder\Debug\link.6136-cvtres.write.1.tlog
E:\Box2d\OpenGL\Project2_opengl_cylinder\Project2_opengl_cylinder\Debug\link.6136-rc.read.1.tlog
E:\Box2d\OpenGL\Project2_opengl_cylinder\Project2_opengl_cylinder\Debug\link.6136-rc.write.1.tlog
E:\Box2d\OpenGL\Project2_opengl_cylinder\Project2_opengl_cylinder\Debug\link.6136.read.1.tlog
E:\Box2d\OpenGL\Project2_opengl_cylinder\Project2_opengl_cylinder\Debug\link.6136.write.1.tlog
E:\Box2d\OpenGL\Project2_opengl_cylinder\Project2_opengl_cylinder\Debug\link.6140-cvtres.read.1.tlog
E:\Box2d\OpenGL\Project2_opengl_cylinder\Project2_opengl_cylinder\Debug\link.6140-cvtres.write.1.tlog
E:\Box2d\OpenGL\Project2_opengl_cylinder\Project2_opengl_cylinder\Debug\link.6140-rc.read.1.tlog
E:\Box2d\OpenGL\Project2_opengl_cylinder\Project2_opengl_cylinder\Debug\link.6140-rc.write.1.tlog
E:\Box2d\OpenGL\Project2_opengl_cylinder\Project2_opengl_cylinder\Debug\link.6140.read.1.tlog
E:\Box2d\OpenGL\Project2_opengl_cylinder\Project2_opengl_cylinder\Debug\link.6140.write.1.tlog
E:\Box2d\OpenGL\Project2_opengl_cylinder\Project2_opengl_cylinder\Debug\link.command.1.tlog
E:\Box2d\OpenGL\Project2_opengl_cylinder\Project2_opengl_cylinder\Debug\link.read.1.tlog
E:\Box2d\OpenGL\Project2_opengl_cylinder\Project2_opengl_cylinder\Debug\link.write.1.tlog
E:\Box2d\OpenGL\Project2_opengl_cylinder\Project2_opengl_cylinder\Debug\vc110.idb
E:\Box2d\OpenGL\Project2_opengl_cylinder\Project2_opengl_cylinder\Debug\vc110.pdb
E:\Box2d\OpenGL\Project2_opengl_cylinder\Debug\Project2_opengl_cylinder.pdb
E:\Box2d\OpenGL\Project2_opengl_cylinder\Debug\Project2_opengl_cylinder.exe
E:\Box2d\OpenGL\Project2_opengl_cylinder\Debug\Project2_opengl_cylinder.ilk
